<?xml version="1.0" encoding="UTF-8"?>
<beans xmlns="http://www.springframework.org/schema/beans"
       xmlns:xsi="http://www.w3.org/2001/XMLSchema-instance"
       xmlns:aop="http://www.springframework.org/schema/aop"
       xmlns:tx="http://www.springframework.org/schema/tx"
       xmlns:context="http://www.springframework.org/schema/context"
       xmlns:jee="http://www.springframework.org/schema/jee"
       xmlns:mvc="http://www.springframework.org/schema/mvc"
       xsi:schemaLocation="http://www.springframework.org/schema/beans http://www.springframework.org/schema/beans/spring-beans-3.2.xsd
       http://www.springframework.org/schema/aop http://www.springframework.org/schema/aop/spring-aop-3.2.xsd
       http://www.springframework.org/schema/tx http://www.springframework.org/schema/tx/spring-tx-3.2.xsd
       http://www.springframework.org/schema/context http://www.springframework.org/schema/context/spring-context-3.2.xsd
       http://www.springframework.org/schema/jee http://www.springframework.org/schema/jee/spring-jee-3.2.xsd
       http://www.springframework.org/schema/mvc http://www.springframework.org/schema/mvc/spring-mvc-3.2.xsd"
       default-autowire="byName" >
    
    <!--    <context:property-placeholder 
    ignore-resource-not-found="true" ignore-unresolvable="true" order="0"
    location="classpath:test-specific.properties"/>-->
    <bean>
        <property name="location">
            <value>classpath:test-specific.properties</value>
        </property>
    </bean>
    
<!--<context:component-scan base-package="com.mkyong.testng" />-->
    
    <bean id="dataSource" class="org.apache.commons.dbcp.BasicDataSource" destroy-method="close" >
        <property name="url" value="${db.testUrl}" />
        <property name="driverClassName" value="${db.testDriver}" />
        <property name="username" value="${db.testUsername}" />
        <property name="password" value="${db.testPassword}" />
        <property name="removeAbandoned" value="true"/>
        <property name="initialSize" value="2" />
        <property name="maxActive" value="30" />
    </bean>


    
    <!--<bean id="accountManagerOWS" class="com.objectbrains.svc.test.ows.AccountManagerOWSImplTest"/>-->
    <!--<bean id="documentManagerOWS" class="com.objectbrains.svc.test.ows.DocumentManagerOWSImplTest"/>-->
    
</beans>
